2022-03-21 14:00:59,707 INFO     Loading token from file /Users/luketyson/PycharmProjects/AlgoTrading/token.pickle
2022-03-21 14:00:59,707 INFO     Loaded metadata aware token with creation timestamp 1641178221
2022-03-21 14:00:59,739 INFO     Returning client loaded from token file '/Users/luketyson/PycharmProjects/AlgoTrading/token.pickle'
2022-03-21 14:01:00,225 INFO     Updating refresh token:
 - Current timestamp is 1647885660
 - Token creation timestamp is 1641178221
 - Update interval is 7344000 seconds
2022-03-21 14:01:00,225 INFO     Skipping refresh token update
2022-03-21 14:01:00,546 INFO     ascii passed initial chaos probing. Mean measured chaos is 0.000000 %
2022-03-21 14:01:00,547 INFO     ascii should target any language(s) of ['Latin Based']
2022-03-21 14:01:00,550 INFO     We detected language [('English', 1.0), ('Dutch', 1.0), ('Norwegian', 1.0)] using ascii
2022-03-21 14:01:00,550 INFO     ascii is most likely the one. Stopping the process.
2022-03-21 14:01:00,550 INFO     Updating refresh token:
 - Current timestamp is 1647885660
 - Token creation timestamp is 1641178221
 - Update interval is 7344000 seconds
2022-03-21 14:01:00,550 INFO     Skipping refresh token update
2022-03-21 14:01:00,695 INFO     ascii passed initial chaos probing. Mean measured chaos is 0.000000 %
2022-03-21 14:01:00,695 INFO     ascii should target any language(s) of ['Latin Based']
2022-03-21 14:01:00,699 INFO     We detected language [('English', 0.9412), ('Dutch', 0.9294), ('German', 0.8824)] using ascii
2022-03-21 14:01:00,699 INFO     ascii is most likely the one. Stopping the process.
2022-03-21 14:01:00,701 INFO     Updating refresh token:
 - Current timestamp is 1647885660
 - Token creation timestamp is 1641178221
 - Update interval is 7344000 seconds
2022-03-21 14:01:00,701 INFO     Skipping refresh token update
2022-03-21 14:01:00,791 INFO     ascii passed initial chaos probing. Mean measured chaos is 0.000000 %
2022-03-21 14:01:00,791 INFO     ascii should target any language(s) of ['Latin Based']
2022-03-21 14:01:00,791 INFO     We detected language [('English', 1.0), ('Dutch', 1.0), ('Norwegian', 1.0)] using ascii
2022-03-21 14:01:00,791 INFO     ascii is most likely the one. Stopping the process.
2022-03-21 14:01:00,792 INFO     Updating refresh token:
 - Current timestamp is 1647885660
 - Token creation timestamp is 1641178221
 - Update interval is 7344000 seconds
2022-03-21 14:01:00,792 INFO     Skipping refresh token update
2022-03-21 14:01:00,888 INFO     ascii passed initial chaos probing. Mean measured chaos is 0.000000 %
2022-03-21 14:01:01,066 INFO     ascii should target any language(s) of ['Latin Based']
2022-03-21 14:01:01,069 INFO     We detected language [('English', 1.0), ('Indonesian', 1.0), ('Simple English', 1.0)] using ascii
2022-03-21 14:01:01,069 INFO     ascii is most likely the one. Stopping the process.
2022-03-21 14:01:01,070 INFO     Updating refresh token:
 - Current timestamp is 1647885661
 - Token creation timestamp is 1641178221
 - Update interval is 7344000 seconds
2022-03-21 14:01:01,070 INFO     Skipping refresh token update
2022-03-21 14:01:01,166 INFO     ascii passed initial chaos probing. Mean measured chaos is 0.000000 %
2022-03-21 14:01:01,166 INFO     ascii should target any language(s) of ['Latin Based']
2022-03-21 14:01:01,167 INFO     We detected language [('English', 1.0), ('Dutch', 1.0), ('Norwegian', 1.0)] using ascii
2022-03-21 14:01:01,167 INFO     ascii is most likely the one. Stopping the process.
2022-03-21 14:01:01,167 INFO     Updating refresh token:
 - Current timestamp is 1647885661
 - Token creation timestamp is 1641178221
 - Update interval is 7344000 seconds
2022-03-21 14:01:01,168 INFO     Skipping refresh token update
2022-03-21 14:01:01,274 INFO     ascii passed initial chaos probing. Mean measured chaos is 0.000000 %
2022-03-21 14:01:01,275 INFO     ascii should target any language(s) of ['Latin Based']
2022-03-21 14:01:01,276 INFO     We detected language [('English', 1.0), ('Indonesian', 1.0), ('Simple English', 1.0)] using ascii
2022-03-21 14:01:01,276 INFO     ascii is most likely the one. Stopping the process.
2022-03-21 14:01:01,277 INFO     Updating refresh token:
 - Current timestamp is 1647885661
 - Token creation timestamp is 1641178221
 - Update interval is 7344000 seconds
2022-03-21 14:01:01,277 INFO     Skipping refresh token update
2022-03-21 14:01:01,365 INFO     ascii passed initial chaos probing. Mean measured chaos is 0.000000 %
2022-03-21 14:01:01,366 INFO     ascii should target any language(s) of ['Latin Based']
2022-03-21 14:01:01,367 INFO     We detected language [('English', 1.0), ('Indonesian', 1.0), ('Simple English', 1.0)] using ascii
2022-03-21 14:01:01,367 INFO     ascii is most likely the one. Stopping the process.
2022-03-21 14:01:01,368 INFO     Updating refresh token:
 - Current timestamp is 1647885661
 - Token creation timestamp is 1641178221
 - Update interval is 7344000 seconds
2022-03-21 14:01:01,368 INFO     Skipping refresh token update
2022-03-21 14:01:01,464 INFO     ascii passed initial chaos probing. Mean measured chaos is 0.000000 %
2022-03-21 14:01:01,465 INFO     ascii should target any language(s) of ['Latin Based']
2022-03-21 14:01:01,465 INFO     We detected language [('English', 1.0), ('Indonesian', 1.0), ('Simple English', 1.0)] using ascii
2022-03-21 14:01:01,465 INFO     ascii is most likely the one. Stopping the process.
2022-03-21 14:01:01,465 INFO     NVDA
2022-03-21 14:01:01,466 INFO     Two hundred day simple moving average: 175.38
2022-03-21 14:01:01,466 INFO     Seven day low for NVDA: 211.5901
2022-03-21 14:01:01,466 INFO     Seven day high for NVDA: 265.6899
2022-03-21 14:01:01,466 INFO     Current market price: 263.86
2022-03-21 14:01:01,466 INFO     ['DELL']
2022-03-21 14:01:01,466 INFO     0
2022-03-21 14:01:01,466 INFO     634.39
2022-03-21 14:01:01,466 INFO     No trades placed for NVDA
2022-03-21 14:01:01,466 INFO     

2022-03-21 14:01:01,466 INFO     Updating refresh token:
 - Current timestamp is 1647885661
 - Token creation timestamp is 1641178221
 - Update interval is 7344000 seconds
2022-03-21 14:01:01,466 INFO     Skipping refresh token update
2022-03-21 14:01:01,598 INFO     ascii passed initial chaos probing. Mean measured chaos is 0.000000 %
2022-03-21 14:01:01,598 INFO     ascii should target any language(s) of ['Latin Based']
2022-03-21 14:01:01,599 INFO     We detected language [('English', 1.0), ('Dutch', 1.0), ('Norwegian', 1.0)] using ascii
2022-03-21 14:01:01,599 INFO     ascii is most likely the one. Stopping the process.
2022-03-21 14:01:01,600 INFO     Updating refresh token:
 - Current timestamp is 1647885661
 - Token creation timestamp is 1641178221
 - Update interval is 7344000 seconds
2022-03-21 14:01:01,600 INFO     Skipping refresh token update
2022-03-21 14:01:01,741 INFO     ascii passed initial chaos probing. Mean measured chaos is 0.000000 %
2022-03-21 14:01:01,741 INFO     ascii should target any language(s) of ['Latin Based']
2022-03-21 14:01:01,745 INFO     We detected language [('English', 0.9412), ('Dutch', 0.9412), ('German', 0.8824)] using ascii
2022-03-21 14:01:01,745 INFO     ascii is most likely the one. Stopping the process.
2022-03-21 14:01:01,746 INFO     Updating refresh token:
 - Current timestamp is 1647885661
 - Token creation timestamp is 1641178221
 - Update interval is 7344000 seconds
2022-03-21 14:01:01,746 INFO     Skipping refresh token update
2022-03-21 14:01:01,836 INFO     ascii passed initial chaos probing. Mean measured chaos is 0.000000 %
2022-03-21 14:01:01,836 INFO     ascii should target any language(s) of ['Latin Based']
2022-03-21 14:01:01,836 INFO     We detected language [('English', 1.0), ('Dutch', 1.0), ('Norwegian', 1.0)] using ascii
2022-03-21 14:01:01,836 INFO     ascii is most likely the one. Stopping the process.
2022-03-21 14:01:01,837 INFO     Updating refresh token:
 - Current timestamp is 1647885661
 - Token creation timestamp is 1641178221
 - Update interval is 7344000 seconds
2022-03-21 14:01:01,837 INFO     Skipping refresh token update
2022-03-21 14:01:01,936 INFO     ascii passed initial chaos probing. Mean measured chaos is 0.000000 %
2022-03-21 14:01:01,937 INFO     ascii should target any language(s) of ['Latin Based']
2022-03-21 14:01:01,937 INFO     We detected language [('English', 1.0), ('Indonesian', 1.0), ('Simple English', 1.0)] using ascii
2022-03-21 14:01:01,937 INFO     ascii is most likely the one. Stopping the process.
2022-03-21 14:01:01,937 INFO     Updating refresh token:
 - Current timestamp is 1647885661
 - Token creation timestamp is 1641178221
 - Update interval is 7344000 seconds
2022-03-21 14:01:01,937 INFO     Skipping refresh token update
2022-03-21 14:01:02,037 INFO     ascii passed initial chaos probing. Mean measured chaos is 0.000000 %
2022-03-21 14:01:02,038 INFO     ascii should target any language(s) of ['Latin Based']
2022-03-21 14:01:02,039 INFO     We detected language [('English', 1.0), ('Dutch', 1.0), ('Norwegian', 1.0)] using ascii
2022-03-21 14:01:02,039 INFO     ascii is most likely the one. Stopping the process.
2022-03-21 14:01:02,039 INFO     Updating refresh token:
 - Current timestamp is 1647885662
 - Token creation timestamp is 1641178221
 - Update interval is 7344000 seconds
2022-03-21 14:01:02,039 INFO     Skipping refresh token update
2022-03-21 14:01:02,133 INFO     ascii passed initial chaos probing. Mean measured chaos is 0.000000 %
2022-03-21 14:01:02,134 INFO     ascii should target any language(s) of ['Latin Based']
2022-03-21 14:01:02,134 INFO     We detected language [('English', 1.0), ('Indonesian', 1.0), ('Simple English', 1.0)] using ascii
2022-03-21 14:01:02,134 INFO     ascii is most likely the one. Stopping the process.
2022-03-21 14:01:02,134 INFO     Updating refresh token:
 - Current timestamp is 1647885662
 - Token creation timestamp is 1641178221
 - Update interval is 7344000 seconds
2022-03-21 14:01:02,134 INFO     Skipping refresh token update
2022-03-21 14:01:02,230 INFO     ascii passed initial chaos probing. Mean measured chaos is 0.000000 %
2022-03-21 14:01:02,230 INFO     ascii should target any language(s) of ['Latin Based']
2022-03-21 14:01:02,231 INFO     We detected language [('English', 1.0), ('Indonesian', 1.0), ('Simple English', 1.0)] using ascii
2022-03-21 14:01:02,231 INFO     ascii is most likely the one. Stopping the process.
2022-03-21 14:01:02,232 INFO     Updating refresh token:
 - Current timestamp is 1647885662
 - Token creation timestamp is 1641178221
 - Update interval is 7344000 seconds
2022-03-21 14:01:02,232 INFO     Skipping refresh token update
2022-03-21 14:01:02,333 INFO     ascii passed initial chaos probing. Mean measured chaos is 0.000000 %
2022-03-21 14:01:02,333 INFO     ascii should target any language(s) of ['Latin Based']
2022-03-21 14:01:02,333 INFO     We detected language [('English', 1.0), ('Indonesian', 1.0), ('Simple English', 1.0)] using ascii
2022-03-21 14:01:02,334 INFO     ascii is most likely the one. Stopping the process.
2022-03-21 14:01:02,334 INFO     AMD
2022-03-21 14:01:02,334 INFO     Two hundred day simple moving average: 85.27
2022-03-21 14:01:02,334 INFO     Seven day low for AMD: 101.04
2022-03-21 14:01:02,334 INFO     Seven day high for AMD: 115.42
2022-03-21 14:01:02,334 INFO     Current market price: 114.39
2022-03-21 14:01:02,334 INFO     ['DELL']
2022-03-21 14:01:02,334 INFO     0
2022-03-21 14:01:02,334 INFO     634.39
2022-03-21 14:01:02,334 INFO     No trades placed for AMD
2022-03-21 14:01:02,335 INFO     

2022-03-21 14:01:02,335 INFO     Updating refresh token:
 - Current timestamp is 1647885662
 - Token creation timestamp is 1641178221
 - Update interval is 7344000 seconds
2022-03-21 14:01:02,335 INFO     Skipping refresh token update
2022-03-21 14:01:02,422 INFO     ascii passed initial chaos probing. Mean measured chaos is 0.000000 %
2022-03-21 14:01:02,423 INFO     ascii should target any language(s) of ['Latin Based']
2022-03-21 14:01:02,424 INFO     We detected language [('English', 1.0), ('Dutch', 1.0), ('Norwegian', 1.0)] using ascii
2022-03-21 14:01:02,424 INFO     ascii is most likely the one. Stopping the process.
2022-03-21 14:01:02,424 INFO     Updating refresh token:
 - Current timestamp is 1647885662
 - Token creation timestamp is 1641178221
 - Update interval is 7344000 seconds
2022-03-21 14:01:02,424 INFO     Skipping refresh token update
2022-03-21 14:01:02,558 INFO     ascii passed initial chaos probing. Mean measured chaos is 0.000000 %
2022-03-21 14:01:02,558 INFO     ascii should target any language(s) of ['Latin Based']
2022-03-21 14:01:02,561 INFO     We detected language [('English', 0.9412), ('Dutch', 0.9412), ('German', 0.8942)] using ascii
2022-03-21 14:01:02,561 INFO     ascii is most likely the one. Stopping the process.
2022-03-21 14:01:02,563 INFO     Updating refresh token:
 - Current timestamp is 1647885662
 - Token creation timestamp is 1641178221
 - Update interval is 7344000 seconds
2022-03-21 14:01:02,563 INFO     Skipping refresh token update
2022-03-21 14:01:02,688 INFO     ascii passed initial chaos probing. Mean measured chaos is 0.000000 %
2022-03-21 14:01:02,688 INFO     ascii should target any language(s) of ['Latin Based']
2022-03-21 14:01:02,688 INFO     We detected language [('English', 1.0), ('Dutch', 1.0), ('Norwegian', 1.0)] using ascii
2022-03-21 14:01:02,689 INFO     ascii is most likely the one. Stopping the process.
2022-03-21 14:01:02,689 INFO     Updating refresh token:
 - Current timestamp is 1647885662
 - Token creation timestamp is 1641178221
 - Update interval is 7344000 seconds
2022-03-21 14:01:02,689 INFO     Skipping refresh token update
2022-03-21 14:01:02,834 INFO     ascii passed initial chaos probing. Mean measured chaos is 0.000000 %
2022-03-21 14:01:02,834 INFO     ascii should target any language(s) of ['Latin Based']
2022-03-21 14:01:02,836 INFO     We detected language [('English', 1.0), ('Indonesian', 1.0), ('Simple English', 1.0)] using ascii
2022-03-21 14:01:02,836 INFO     ascii is most likely the one. Stopping the process.
2022-03-21 14:01:02,836 INFO     Updating refresh token:
 - Current timestamp is 1647885662
 - Token creation timestamp is 1641178221
 - Update interval is 7344000 seconds
2022-03-21 14:01:02,836 INFO     Skipping refresh token update
2022-03-21 14:01:02,920 INFO     ascii passed initial chaos probing. Mean measured chaos is 0.000000 %
2022-03-21 14:01:02,920 INFO     ascii should target any language(s) of ['Latin Based']
2022-03-21 14:01:02,921 INFO     We detected language [('English', 1.0), ('Dutch', 1.0), ('Norwegian', 1.0)] using ascii
2022-03-21 14:01:02,921 INFO     ascii is most likely the one. Stopping the process.
2022-03-21 14:01:02,921 INFO     Updating refresh token:
 - Current timestamp is 1647885662
 - Token creation timestamp is 1641178221
 - Update interval is 7344000 seconds
2022-03-21 14:01:02,922 INFO     Skipping refresh token update
2022-03-21 14:01:03,016 INFO     ascii passed initial chaos probing. Mean measured chaos is 0.000000 %
2022-03-21 14:01:03,017 INFO     ascii should target any language(s) of ['Latin Based']
2022-03-21 14:01:03,018 INFO     We detected language [('English', 1.0), ('Indonesian', 1.0), ('Simple English', 1.0)] using ascii
2022-03-21 14:01:03,018 INFO     ascii is most likely the one. Stopping the process.
2022-03-21 14:01:03,019 INFO     Updating refresh token:
 - Current timestamp is 1647885663
 - Token creation timestamp is 1641178221
 - Update interval is 7344000 seconds
2022-03-21 14:01:03,019 INFO     Skipping refresh token update
2022-03-21 14:01:03,145 INFO     ascii passed initial chaos probing. Mean measured chaos is 0.000000 %
2022-03-21 14:01:03,146 INFO     ascii should target any language(s) of ['Latin Based']
2022-03-21 14:01:03,148 INFO     We detected language [('English', 1.0), ('Indonesian', 1.0), ('Simple English', 1.0)] using ascii
2022-03-21 14:01:03,148 INFO     ascii is most likely the one. Stopping the process.
2022-03-21 14:01:03,148 INFO     Updating refresh token:
 - Current timestamp is 1647885663
 - Token creation timestamp is 1641178221
 - Update interval is 7344000 seconds
2022-03-21 14:01:03,148 INFO     Skipping refresh token update
2022-03-21 14:01:03,234 INFO     ascii passed initial chaos probing. Mean measured chaos is 0.000000 %
2022-03-21 14:01:03,234 INFO     ascii should target any language(s) of ['Latin Based']
2022-03-21 14:01:03,234 INFO     We detected language [('English', 1.0), ('Indonesian', 1.0), ('Simple English', 1.0)] using ascii
2022-03-21 14:01:03,234 INFO     ascii is most likely the one. Stopping the process.
2022-03-21 14:01:03,235 INFO     DELL
2022-03-21 14:01:03,235 INFO     Two hundred day simple moving average: 37.82
2022-03-21 14:01:03,235 INFO     Seven day low for DELL: 49.52
2022-03-21 14:01:03,235 INFO     Seven day high for DELL: 52.56
2022-03-21 14:01:03,235 INFO     Current market price: 52.2
2022-03-21 14:01:03,235 INFO     ['DELL']
2022-03-21 14:01:03,235 INFO     38.0
2022-03-21 14:01:03,235 INFO     634.39
2022-03-21 14:01:03,235 INFO     No trades placed for DELL
2022-03-21 14:01:03,235 INFO     

2022-03-21 14:01:03,236 INFO     Updating refresh token:
 - Current timestamp is 1647885663
 - Token creation timestamp is 1641178221
 - Update interval is 7344000 seconds
2022-03-21 14:01:03,236 INFO     Skipping refresh token update
2022-03-21 14:01:03,322 INFO     ascii passed initial chaos probing. Mean measured chaos is 0.000000 %
2022-03-21 14:01:03,322 INFO     ascii should target any language(s) of ['Latin Based']
2022-03-21 14:01:03,324 INFO     We detected language [('English', 1.0), ('Dutch', 1.0), ('Norwegian', 1.0)] using ascii
2022-03-21 14:01:03,324 INFO     ascii is most likely the one. Stopping the process.
2022-03-21 14:01:03,324 INFO     Updating refresh token:
 - Current timestamp is 1647885663
 - Token creation timestamp is 1641178221
 - Update interval is 7344000 seconds
2022-03-21 14:01:03,324 INFO     Skipping refresh token update
2022-03-21 14:01:03,462 INFO     ascii passed initial chaos probing. Mean measured chaos is 0.000000 %
2022-03-21 14:01:03,462 INFO     ascii should target any language(s) of ['Latin Based']
2022-03-21 14:01:03,465 INFO     We detected language [('English', 0.9412), ('Dutch', 0.9412), ('German', 0.8942)] using ascii
2022-03-21 14:01:03,465 INFO     ascii is most likely the one. Stopping the process.
2022-03-21 14:01:03,467 INFO     Updating refresh token:
 - Current timestamp is 1647885663
 - Token creation timestamp is 1641178221
 - Update interval is 7344000 seconds
2022-03-21 14:01:03,467 INFO     Skipping refresh token update
2022-03-21 14:01:03,545 INFO     ascii passed initial chaos probing. Mean measured chaos is 0.000000 %
2022-03-21 14:01:03,545 INFO     ascii should target any language(s) of ['Latin Based']
2022-03-21 14:01:03,545 INFO     We detected language [('English', 1.0), ('Dutch', 1.0), ('Norwegian', 1.0)] using ascii
2022-03-21 14:01:03,545 INFO     ascii is most likely the one. Stopping the process.
2022-03-21 14:01:03,546 INFO     Updating refresh token:
 - Current timestamp is 1647885663
 - Token creation timestamp is 1641178221
 - Update interval is 7344000 seconds
2022-03-21 14:01:03,546 INFO     Skipping refresh token update
2022-03-21 14:01:03,644 INFO     ascii passed initial chaos probing. Mean measured chaos is 0.000000 %
2022-03-21 14:01:03,644 INFO     ascii should target any language(s) of ['Latin Based']
2022-03-21 14:01:03,645 INFO     We detected language [('English', 1.0), ('Indonesian', 1.0), ('Simple English', 1.0)] using ascii
2022-03-21 14:01:03,646 INFO     ascii is most likely the one. Stopping the process.
2022-03-21 14:01:03,646 INFO     Updating refresh token:
 - Current timestamp is 1647885663
 - Token creation timestamp is 1641178221
 - Update interval is 7344000 seconds
2022-03-21 14:01:03,646 INFO     Skipping refresh token update
2022-03-21 14:01:03,722 INFO     ascii passed initial chaos probing. Mean measured chaos is 0.000000 %
2022-03-21 14:01:03,723 INFO     ascii should target any language(s) of ['Latin Based']
2022-03-21 14:01:03,724 INFO     We detected language [('English', 1.0), ('Dutch', 1.0), ('Norwegian', 1.0)] using ascii
2022-03-21 14:01:03,724 INFO     ascii is most likely the one. Stopping the process.
2022-03-21 14:01:03,724 INFO     Updating refresh token:
 - Current timestamp is 1647885663
 - Token creation timestamp is 1641178221
 - Update interval is 7344000 seconds
2022-03-21 14:01:03,724 INFO     Skipping refresh token update
2022-03-21 14:01:03,845 INFO     ascii passed initial chaos probing. Mean measured chaos is 0.000000 %
2022-03-21 14:01:03,845 INFO     ascii should target any language(s) of ['Latin Based']
2022-03-21 14:01:03,847 INFO     We detected language [('English', 1.0), ('Indonesian', 1.0), ('Simple English', 1.0)] using ascii
2022-03-21 14:01:03,847 INFO     ascii is most likely the one. Stopping the process.
2022-03-21 14:01:03,847 INFO     Updating refresh token:
 - Current timestamp is 1647885663
 - Token creation timestamp is 1641178221
 - Update interval is 7344000 seconds
2022-03-21 14:01:03,847 INFO     Skipping refresh token update
2022-03-21 14:01:03,935 INFO     ascii passed initial chaos probing. Mean measured chaos is 0.000000 %
2022-03-21 14:01:03,935 INFO     ascii should target any language(s) of ['Latin Based']
2022-03-21 14:01:03,936 INFO     We detected language [('English', 1.0), ('Indonesian', 1.0), ('Simple English', 1.0)] using ascii
2022-03-21 14:01:03,936 INFO     ascii is most likely the one. Stopping the process.
2022-03-21 14:01:03,937 INFO     Updating refresh token:
 - Current timestamp is 1647885663
 - Token creation timestamp is 1641178221
 - Update interval is 7344000 seconds
2022-03-21 14:01:03,937 INFO     Skipping refresh token update
2022-03-21 14:01:04,060 INFO     ascii passed initial chaos probing. Mean measured chaos is 0.000000 %
2022-03-21 14:01:04,060 INFO     ascii should target any language(s) of ['Latin Based']
2022-03-21 14:01:04,060 INFO     We detected language [('English', 1.0), ('Indonesian', 1.0), ('Simple English', 1.0)] using ascii
2022-03-21 14:01:04,060 INFO     ascii is most likely the one. Stopping the process.
2022-03-21 14:01:04,061 INFO     DVN
2022-03-21 14:01:04,061 INFO     Two hundred day simple moving average: 30.42
2022-03-21 14:01:04,061 INFO     Seven day low for DVN: 50.2
2022-03-21 14:01:04,061 INFO     Seven day high for DVN: 58.6264
2022-03-21 14:01:04,061 INFO     Current market price: 60.64
2022-03-21 14:01:04,061 INFO     ['DELL']
2022-03-21 14:01:04,061 INFO     0
2022-03-21 14:01:04,061 INFO     634.39
2022-03-21 14:01:04,061 INFO     No trades placed for DVN
2022-03-21 14:01:04,061 INFO     

2022-03-23 14:08:19,490 INFO     Loading token from file /Users/luketyson/PycharmProjects/AlgoTrading/token.pickle
2022-03-23 14:08:19,491 INFO     Loaded metadata aware token with creation timestamp 1641178221
2022-03-23 14:08:19,525 INFO     Returning client loaded from token file '/Users/luketyson/PycharmProjects/AlgoTrading/token.pickle'
2022-03-23 14:08:23,102 INFO     Updating refresh token:
 - Current timestamp is 1648058903
 - Token creation timestamp is 1641178221
 - Update interval is 7344000 seconds
2022-03-23 14:08:23,102 INFO     Skipping refresh token update
2022-03-23 14:08:23,518 INFO     Updating token to file /Users/luketyson/PycharmProjects/AlgoTrading/token.pickle
2022-03-23 14:08:23,612 INFO     ascii passed initial chaos probing. Mean measured chaos is 0.000000 %
2022-03-23 14:08:23,612 INFO     ascii should target any language(s) of ['Latin Based']
2022-03-23 14:08:23,616 INFO     We detected language [('English', 1.0), ('Dutch', 1.0), ('Norwegian', 1.0)] using ascii
2022-03-23 14:08:23,616 INFO     ascii is most likely the one. Stopping the process.
2022-03-23 14:08:23,616 INFO     Updating refresh token:
 - Current timestamp is 1648058903
 - Token creation timestamp is 1641178221
 - Update interval is 7344000 seconds
2022-03-23 14:08:23,616 INFO     Skipping refresh token update
2022-03-23 14:08:23,762 INFO     ascii passed initial chaos probing. Mean measured chaos is 0.000000 %
2022-03-23 14:08:23,762 INFO     ascii should target any language(s) of ['Latin Based']
2022-03-23 14:08:23,766 INFO     We detected language [('English', 0.9412), ('Dutch', 0.9412), ('German', 0.8824)] using ascii
2022-03-23 14:08:23,766 INFO     ascii is most likely the one. Stopping the process.
2022-03-23 14:08:23,768 INFO     Updating refresh token:
 - Current timestamp is 1648058903
 - Token creation timestamp is 1641178221
 - Update interval is 7344000 seconds
2022-03-23 14:08:23,768 INFO     Skipping refresh token update
2022-03-23 14:08:23,845 INFO     ascii passed initial chaos probing. Mean measured chaos is 0.000000 %
2022-03-23 14:08:23,846 INFO     ascii should target any language(s) of ['Latin Based']
2022-03-23 14:08:23,846 INFO     We detected language [('English', 1.0), ('Dutch', 1.0), ('Norwegian', 1.0)] using ascii
2022-03-23 14:08:23,846 INFO     ascii is most likely the one. Stopping the process.
2022-03-23 14:08:23,846 INFO     Updating refresh token:
 - Current timestamp is 1648058903
 - Token creation timestamp is 1641178221
 - Update interval is 7344000 seconds
2022-03-23 14:08:23,846 INFO     Skipping refresh token update
2022-03-23 14:08:23,993 INFO     ascii passed initial chaos probing. Mean measured chaos is 0.000000 %
2022-03-23 14:08:23,993 INFO     ascii should target any language(s) of ['Latin Based']
2022-03-23 14:08:23,994 INFO     We detected language [('English', 1.0), ('Indonesian', 1.0), ('Simple English', 1.0)] using ascii
2022-03-23 14:08:23,994 INFO     ascii is most likely the one. Stopping the process.
2022-03-23 14:08:23,995 INFO     Updating refresh token:
 - Current timestamp is 1648058903
 - Token creation timestamp is 1641178221
 - Update interval is 7344000 seconds
2022-03-23 14:08:23,995 INFO     Skipping refresh token update
2022-03-23 14:08:24,119 INFO     ascii passed initial chaos probing. Mean measured chaos is 0.000000 %
2022-03-23 14:08:24,119 INFO     ascii should target any language(s) of ['Latin Based']
2022-03-23 14:08:24,120 INFO     We detected language [('English', 1.0), ('Dutch', 1.0), ('Norwegian', 1.0)] using ascii
2022-03-23 14:08:24,120 INFO     ascii is most likely the one. Stopping the process.
2022-03-23 14:08:24,120 INFO     Updating refresh token:
 - Current timestamp is 1648058904
 - Token creation timestamp is 1641178221
 - Update interval is 7344000 seconds
2022-03-23 14:08:24,120 INFO     Skipping refresh token update
2022-03-23 14:08:24,245 INFO     ascii passed initial chaos probing. Mean measured chaos is 0.000000 %
2022-03-23 14:08:24,245 INFO     ascii should target any language(s) of ['Latin Based']
2022-03-23 14:08:24,245 INFO     We detected language [('English', 1.0), ('Indonesian', 1.0), ('Simple English', 1.0)] using ascii
2022-03-23 14:08:24,246 INFO     ascii is most likely the one. Stopping the process.
2022-03-23 14:08:24,246 INFO     Updating refresh token:
 - Current timestamp is 1648058904
 - Token creation timestamp is 1641178221
 - Update interval is 7344000 seconds
2022-03-23 14:08:24,246 INFO     Skipping refresh token update
2022-03-23 14:08:24,371 INFO     ascii passed initial chaos probing. Mean measured chaos is 0.000000 %
2022-03-23 14:08:24,371 INFO     ascii should target any language(s) of ['Latin Based']
2022-03-23 14:08:24,373 INFO     We detected language [('English', 1.0), ('Indonesian', 1.0), ('Simple English', 1.0)] using ascii
2022-03-23 14:08:24,373 INFO     ascii is most likely the one. Stopping the process.
2022-03-23 14:08:24,373 INFO     Updating refresh token:
 - Current timestamp is 1648058904
 - Token creation timestamp is 1641178221
 - Update interval is 7344000 seconds
2022-03-23 14:08:24,373 INFO     Skipping refresh token update
2022-03-23 14:08:24,462 INFO     ascii passed initial chaos probing. Mean measured chaos is 0.000000 %
2022-03-23 14:08:24,462 INFO     ascii should target any language(s) of ['Latin Based']
2022-03-23 14:08:24,462 INFO     We detected language [('English', 1.0), ('Indonesian', 1.0), ('Simple English', 1.0)] using ascii
2022-03-23 14:08:24,462 INFO     ascii is most likely the one. Stopping the process.
2022-03-23 14:08:24,463 INFO     NVDA
2022-03-23 14:08:24,463 INFO     Two hundred day simple moving average: 175.78
2022-03-23 14:08:24,463 INFO     Seven day low for NVDA: 213.2201
2022-03-23 14:08:24,463 INFO     Seven day high for NVDA: 272.38
2022-03-23 14:08:24,463 INFO     Current market price: 258.78
2022-03-23 14:08:24,463 INFO     []
2022-03-23 14:08:24,463 INFO     0
2022-03-23 14:08:24,463 INFO     2641.91
2022-03-23 14:08:24,463 INFO     No trades placed for NVDA
2022-03-23 14:08:24,463 INFO     

2022-03-23 14:08:24,463 INFO     Updating refresh token:
 - Current timestamp is 1648058904
 - Token creation timestamp is 1641178221
 - Update interval is 7344000 seconds
2022-03-23 14:08:24,463 INFO     Skipping refresh token update
2022-03-23 14:08:24,559 INFO     ascii passed initial chaos probing. Mean measured chaos is 0.000000 %
2022-03-23 14:08:24,559 INFO     ascii should target any language(s) of ['Latin Based']
2022-03-23 14:08:24,560 INFO     We detected language [('English', 1.0), ('Dutch', 1.0), ('Norwegian', 1.0)] using ascii
2022-03-23 14:08:24,560 INFO     ascii is most likely the one. Stopping the process.
2022-03-23 14:08:24,561 INFO     Updating refresh token:
 - Current timestamp is 1648058904
 - Token creation timestamp is 1641178221
 - Update interval is 7344000 seconds
2022-03-23 14:08:24,561 INFO     Skipping refresh token update
2022-03-23 14:08:24,659 INFO     ascii passed initial chaos probing. Mean measured chaos is 0.000000 %
2022-03-23 14:08:24,660 INFO     ascii should target any language(s) of ['Latin Based']
2022-03-23 14:08:24,663 INFO     We detected language [('English', 0.9412), ('Dutch', 0.9412), ('German', 0.8824)] using ascii
2022-03-23 14:08:24,663 INFO     ascii is most likely the one. Stopping the process.
2022-03-23 14:08:24,665 INFO     Updating refresh token:
 - Current timestamp is 1648058904
 - Token creation timestamp is 1641178221
 - Update interval is 7344000 seconds
2022-03-23 14:08:24,665 INFO     Skipping refresh token update
2022-03-23 14:08:24,746 INFO     ascii passed initial chaos probing. Mean measured chaos is 0.000000 %
2022-03-23 14:08:24,746 INFO     ascii should target any language(s) of ['Latin Based']
2022-03-23 14:08:24,746 INFO     We detected language [('English', 1.0), ('Dutch', 1.0), ('Norwegian', 1.0)] using ascii
2022-03-23 14:08:24,746 INFO     ascii is most likely the one. Stopping the process.
2022-03-23 14:08:24,746 INFO     Updating refresh token:
 - Current timestamp is 1648058904
 - Token creation timestamp is 1641178221
 - Update interval is 7344000 seconds
2022-03-23 14:08:24,746 INFO     Skipping refresh token update
2022-03-23 14:08:24,874 INFO     ascii passed initial chaos probing. Mean measured chaos is 0.000000 %
2022-03-23 14:08:24,874 INFO     ascii should target any language(s) of ['Latin Based']
2022-03-23 14:08:24,874 INFO     We detected language [('English', 1.0), ('Indonesian', 1.0), ('Simple English', 1.0)] using ascii
2022-03-23 14:08:24,874 INFO     ascii is most likely the one. Stopping the process.
2022-03-23 14:08:24,875 INFO     Updating refresh token:
 - Current timestamp is 1648058904
 - Token creation timestamp is 1641178221
 - Update interval is 7344000 seconds
2022-03-23 14:08:24,875 INFO     Skipping refresh token update
2022-03-23 14:08:24,963 INFO     ascii passed initial chaos probing. Mean measured chaos is 0.000000 %
2022-03-23 14:08:24,963 INFO     ascii should target any language(s) of ['Latin Based']
2022-03-23 14:08:24,964 INFO     We detected language [('English', 1.0), ('Dutch', 1.0), ('Norwegian', 1.0)] using ascii
2022-03-23 14:08:24,964 INFO     ascii is most likely the one. Stopping the process.
2022-03-23 14:08:24,965 INFO     Updating refresh token:
 - Current timestamp is 1648058904
 - Token creation timestamp is 1641178221
 - Update interval is 7344000 seconds
2022-03-23 14:08:24,965 INFO     Skipping refresh token update
2022-03-23 14:08:25,047 INFO     ascii passed initial chaos probing. Mean measured chaos is 0.000000 %
2022-03-23 14:08:25,047 INFO     ascii should target any language(s) of ['Latin Based']
2022-03-23 14:08:25,048 INFO     We detected language [('English', 1.0), ('Indonesian', 1.0), ('Simple English', 1.0)] using ascii
2022-03-23 14:08:25,048 INFO     ascii is most likely the one. Stopping the process.
2022-03-23 14:08:25,048 INFO     Updating refresh token:
 - Current timestamp is 1648058905
 - Token creation timestamp is 1641178221
 - Update interval is 7344000 seconds
2022-03-23 14:08:25,048 INFO     Skipping refresh token update
2022-03-23 14:08:25,136 INFO     ascii passed initial chaos probing. Mean measured chaos is 0.000000 %
2022-03-23 14:08:25,136 INFO     ascii should target any language(s) of ['Latin Based']
2022-03-23 14:08:25,138 INFO     We detected language [('English', 1.0), ('Indonesian', 1.0), ('Simple English', 1.0)] using ascii
2022-03-23 14:08:25,138 INFO     ascii is most likely the one. Stopping the process.
2022-03-23 14:08:25,138 INFO     Updating refresh token:
 - Current timestamp is 1648058905
 - Token creation timestamp is 1641178221
 - Update interval is 7344000 seconds
2022-03-23 14:08:25,138 INFO     Skipping refresh token update
2022-03-23 14:08:25,224 INFO     ascii passed initial chaos probing. Mean measured chaos is 0.000000 %
2022-03-23 14:08:25,224 INFO     ascii should target any language(s) of ['Latin Based']
2022-03-23 14:08:25,224 INFO     We detected language [('English', 1.0), ('Indonesian', 1.0), ('Simple English', 1.0)] using ascii
2022-03-23 14:08:25,224 INFO     ascii is most likely the one. Stopping the process.
2022-03-23 14:08:25,225 INFO     AMD
2022-03-23 14:08:25,225 INFO     Two hundred day simple moving average: 85.32
2022-03-23 14:08:25,225 INFO     Seven day low for AMD: 101.79
2022-03-23 14:08:25,225 INFO     Seven day high for AMD: 117.95
2022-03-23 14:08:25,225 INFO     Current market price: 114.86
2022-03-23 14:08:25,225 INFO     []
2022-03-23 14:08:25,225 INFO     0
2022-03-23 14:08:25,225 INFO     2641.91
2022-03-23 14:08:25,225 INFO     No trades placed for AMD
2022-03-23 14:08:25,225 INFO     

2022-03-23 14:08:25,225 INFO     Updating refresh token:
 - Current timestamp is 1648058905
 - Token creation timestamp is 1641178221
 - Update interval is 7344000 seconds
2022-03-23 14:08:25,225 INFO     Skipping refresh token update
2022-03-23 14:08:25,319 INFO     ascii passed initial chaos probing. Mean measured chaos is 0.000000 %
2022-03-23 14:08:25,319 INFO     ascii should target any language(s) of ['Latin Based']
2022-03-23 14:08:25,320 INFO     We detected language [('English', 1.0), ('Dutch', 1.0), ('Norwegian', 1.0)] using ascii
2022-03-23 14:08:25,320 INFO     ascii is most likely the one. Stopping the process.
2022-03-23 14:08:25,321 INFO     Updating refresh token:
 - Current timestamp is 1648058905
 - Token creation timestamp is 1641178221
 - Update interval is 7344000 seconds
2022-03-23 14:08:25,321 INFO     Skipping refresh token update
2022-03-23 14:08:25,417 INFO     ascii passed initial chaos probing. Mean measured chaos is 0.000000 %
2022-03-23 14:08:25,418 INFO     ascii should target any language(s) of ['Latin Based']
2022-03-23 14:08:25,421 INFO     We detected language [('English', 0.9412), ('Dutch', 0.9294), ('German', 0.9059)] using ascii
2022-03-23 14:08:25,421 INFO     ascii is most likely the one. Stopping the process.
2022-03-23 14:08:25,423 INFO     Updating refresh token:
 - Current timestamp is 1648058905
 - Token creation timestamp is 1641178221
 - Update interval is 7344000 seconds
2022-03-23 14:08:25,423 INFO     Skipping refresh token update
2022-03-23 14:08:25,521 INFO     ascii passed initial chaos probing. Mean measured chaos is 0.000000 %
2022-03-23 14:08:25,521 INFO     ascii should target any language(s) of ['Latin Based']
2022-03-23 14:08:25,521 INFO     We detected language [('English', 1.0), ('Dutch', 1.0), ('Norwegian', 1.0)] using ascii
2022-03-23 14:08:25,521 INFO     ascii is most likely the one. Stopping the process.
2022-03-23 14:08:25,521 INFO     Updating refresh token:
 - Current timestamp is 1648058905
 - Token creation timestamp is 1641178221
 - Update interval is 7344000 seconds
2022-03-23 14:08:25,521 INFO     Skipping refresh token update
2022-03-23 14:08:25,651 INFO     ascii passed initial chaos probing. Mean measured chaos is 0.000000 %
2022-03-23 14:08:25,651 INFO     ascii should target any language(s) of ['Latin Based']
2022-03-23 14:08:25,651 INFO     We detected language [('English', 1.0), ('Indonesian', 1.0), ('Simple English', 1.0)] using ascii
2022-03-23 14:08:25,652 INFO     ascii is most likely the one. Stopping the process.
2022-03-23 14:08:25,652 INFO     Updating refresh token:
 - Current timestamp is 1648058905
 - Token creation timestamp is 1641178221
 - Update interval is 7344000 seconds
2022-03-23 14:08:25,652 INFO     Skipping refresh token update
2022-03-23 14:08:25,735 INFO     ascii passed initial chaos probing. Mean measured chaos is 0.000000 %
2022-03-23 14:08:25,735 INFO     ascii should target any language(s) of ['Latin Based']
2022-03-23 14:08:25,736 INFO     We detected language [('English', 1.0), ('Dutch', 1.0), ('Norwegian', 1.0)] using ascii
2022-03-23 14:08:25,736 INFO     ascii is most likely the one. Stopping the process.
2022-03-23 14:08:25,737 INFO     Updating refresh token:
 - Current timestamp is 1648058905
 - Token creation timestamp is 1641178221
 - Update interval is 7344000 seconds
2022-03-23 14:08:25,737 INFO     Skipping refresh token update
2022-03-23 14:08:25,866 INFO     ascii passed initial chaos probing. Mean measured chaos is 0.000000 %
2022-03-23 14:08:25,866 INFO     ascii should target any language(s) of ['Latin Based']
2022-03-23 14:08:25,867 INFO     We detected language [('English', 1.0), ('Indonesian', 1.0), ('Simple English', 1.0)] using ascii
2022-03-23 14:08:25,867 INFO     ascii is most likely the one. Stopping the process.
2022-03-23 14:08:25,867 INFO     Updating refresh token:
 - Current timestamp is 1648058905
 - Token creation timestamp is 1641178221
 - Update interval is 7344000 seconds
2022-03-23 14:08:25,867 INFO     Skipping refresh token update
2022-03-23 14:08:25,955 INFO     ascii passed initial chaos probing. Mean measured chaos is 0.000000 %
2022-03-23 14:08:25,955 INFO     ascii should target any language(s) of ['Latin Based']
2022-03-23 14:08:25,957 INFO     We detected language [('English', 1.0), ('Indonesian', 1.0), ('Simple English', 1.0)] using ascii
2022-03-23 14:08:25,957 INFO     ascii is most likely the one. Stopping the process.
2022-03-23 14:08:25,957 INFO     Updating refresh token:
 - Current timestamp is 1648058905
 - Token creation timestamp is 1641178221
 - Update interval is 7344000 seconds
2022-03-23 14:08:25,957 INFO     Skipping refresh token update
2022-03-23 14:08:26,090 INFO     ascii passed initial chaos probing. Mean measured chaos is 0.000000 %
2022-03-23 14:08:26,090 INFO     ascii should target any language(s) of ['Latin Based']
2022-03-23 14:08:26,091 INFO     We detected language [('English', 1.0), ('Indonesian', 1.0), ('Simple English', 1.0)] using ascii
2022-03-23 14:08:26,091 INFO     ascii is most likely the one. Stopping the process.
2022-03-23 14:08:26,091 INFO     DELL
2022-03-23 14:08:26,091 INFO     Two hundred day simple moving average: 37.85
2022-03-23 14:08:26,091 INFO     Seven day low for DELL: 49.52
2022-03-23 14:08:26,091 INFO     Seven day high for DELL: 53.33
2022-03-23 14:08:26,091 INFO     Current market price: 52.84
2022-03-23 14:08:26,091 INFO     []
2022-03-23 14:08:26,091 INFO     0
2022-03-23 14:08:26,091 INFO     2641.91
2022-03-23 14:08:26,091 INFO     No trades placed for DELL
2022-03-23 14:08:26,092 INFO     

2022-03-23 14:08:26,092 INFO     Updating refresh token:
 - Current timestamp is 1648058906
 - Token creation timestamp is 1641178221
 - Update interval is 7344000 seconds
2022-03-23 14:08:26,092 INFO     Skipping refresh token update
2022-03-23 14:08:26,177 INFO     ascii passed initial chaos probing. Mean measured chaos is 0.000000 %
2022-03-23 14:08:26,177 INFO     ascii should target any language(s) of ['Latin Based']
2022-03-23 14:08:26,178 INFO     We detected language [('English', 1.0), ('Dutch', 1.0), ('Norwegian', 1.0)] using ascii
2022-03-23 14:08:26,178 INFO     ascii is most likely the one. Stopping the process.
2022-03-23 14:08:26,179 INFO     Updating refresh token:
 - Current timestamp is 1648058906
 - Token creation timestamp is 1641178221
 - Update interval is 7344000 seconds
2022-03-23 14:08:26,179 INFO     Skipping refresh token update
2022-03-23 14:08:26,285 INFO     ascii passed initial chaos probing. Mean measured chaos is 0.000000 %
2022-03-23 14:08:26,285 INFO     ascii should target any language(s) of ['Latin Based']
2022-03-23 14:08:26,289 INFO     We detected language [('English', 0.9412), ('Dutch', 0.9294), ('German', 0.8824)] using ascii
2022-03-23 14:08:26,289 INFO     ascii is most likely the one. Stopping the process.
2022-03-23 14:08:26,291 INFO     Updating refresh token:
 - Current timestamp is 1648058906
 - Token creation timestamp is 1641178221
 - Update interval is 7344000 seconds
2022-03-23 14:08:26,291 INFO     Skipping refresh token update
2022-03-23 14:08:26,404 INFO     ascii passed initial chaos probing. Mean measured chaos is 0.000000 %
2022-03-23 14:08:26,404 INFO     ascii should target any language(s) of ['Latin Based']
2022-03-23 14:08:26,404 INFO     We detected language [('English', 1.0), ('Dutch', 1.0), ('Norwegian', 1.0)] using ascii
2022-03-23 14:08:26,405 INFO     ascii is most likely the one. Stopping the process.
2022-03-23 14:08:26,405 INFO     Updating refresh token:
 - Current timestamp is 1648058906
 - Token creation timestamp is 1641178221
 - Update interval is 7344000 seconds
2022-03-23 14:08:26,405 INFO     Skipping refresh token update
2022-03-23 14:08:26,524 INFO     ascii passed initial chaos probing. Mean measured chaos is 0.000000 %
2022-03-23 14:08:26,524 INFO     ascii should target any language(s) of ['Latin Based']
2022-03-23 14:08:26,524 INFO     We detected language [('English', 1.0), ('Indonesian', 1.0), ('Simple English', 1.0)] using ascii
2022-03-23 14:08:26,524 INFO     ascii is most likely the one. Stopping the process.
2022-03-23 14:08:26,525 INFO     Updating refresh token:
 - Current timestamp is 1648058906
 - Token creation timestamp is 1641178221
 - Update interval is 7344000 seconds
2022-03-23 14:08:26,525 INFO     Skipping refresh token update
2022-03-23 14:08:26,607 INFO     ascii passed initial chaos probing. Mean measured chaos is 0.000000 %
2022-03-23 14:08:26,607 INFO     ascii should target any language(s) of ['Latin Based']
2022-03-23 14:08:26,608 INFO     We detected language [('English', 1.0), ('Dutch', 1.0), ('Norwegian', 1.0)] using ascii
2022-03-23 14:08:26,608 INFO     ascii is most likely the one. Stopping the process.
2022-03-23 14:08:26,609 INFO     Updating refresh token:
 - Current timestamp is 1648058906
 - Token creation timestamp is 1641178221
 - Update interval is 7344000 seconds
2022-03-23 14:08:26,609 INFO     Skipping refresh token update
2022-03-23 14:08:26,706 INFO     ascii passed initial chaos probing. Mean measured chaos is 0.000000 %
2022-03-23 14:08:26,707 INFO     ascii should target any language(s) of ['Latin Based']
2022-03-23 14:08:26,707 INFO     We detected language [('English', 1.0), ('Indonesian', 1.0), ('Simple English', 1.0)] using ascii
2022-03-23 14:08:26,707 INFO     ascii is most likely the one. Stopping the process.
2022-03-23 14:08:26,707 INFO     Updating refresh token:
 - Current timestamp is 1648058906
 - Token creation timestamp is 1641178221
 - Update interval is 7344000 seconds
2022-03-23 14:08:26,707 INFO     Skipping refresh token update
2022-03-23 14:08:26,837 INFO     ascii passed initial chaos probing. Mean measured chaos is 0.000000 %
2022-03-23 14:08:26,837 INFO     ascii should target any language(s) of ['Latin Based']
2022-03-23 14:08:26,838 INFO     We detected language [('English', 1.0), ('Indonesian', 1.0), ('Simple English', 1.0)] using ascii
2022-03-23 14:08:26,838 INFO     ascii is most likely the one. Stopping the process.
2022-03-23 14:08:26,839 INFO     Updating refresh token:
 - Current timestamp is 1648058906
 - Token creation timestamp is 1641178221
 - Update interval is 7344000 seconds
2022-03-23 14:08:26,839 INFO     Skipping refresh token update
2022-03-23 14:08:26,915 INFO     ascii passed initial chaos probing. Mean measured chaos is 0.000000 %
2022-03-23 14:08:26,916 INFO     ascii should target any language(s) of ['Latin Based']
2022-03-23 14:08:26,916 INFO     We detected language [('English', 1.0), ('Indonesian', 1.0), ('Simple English', 1.0)] using ascii
2022-03-23 14:08:26,916 INFO     ascii is most likely the one. Stopping the process.
2022-03-23 14:08:26,916 INFO     DVN
2022-03-23 14:08:26,916 INFO     Two hundred day simple moving average: 30.73
2022-03-23 14:08:26,917 INFO     Seven day low for DVN: 50.2
2022-03-23 14:08:26,917 INFO     Seven day high for DVN: 62.22
2022-03-23 14:08:26,917 INFO     Current market price: 61.9
2022-03-23 14:08:26,917 INFO     []
2022-03-23 14:08:26,917 INFO     0
2022-03-23 14:08:26,917 INFO     2641.91
2022-03-23 14:08:26,917 INFO     No trades placed for DVN
2022-03-23 14:08:26,917 INFO     

